# JRE version: Java(TM) SE Runtime Environment 18.9 (11.0.15+8) (build 11.0.15+8-LTS-149)
# Java VM: Java HotSpot(TM) 64-Bit Server VM 18.9 (11.0.15+8-LTS-149, mixed mode, tiered, compressed oops, g1 gc, windows-amd64)
Heap:
 garbage-first heap   total 260096K, used 9303K [0x0000000702200000, 0x0000000800000000)
  region size 1024K, 2 young (2048K), 2 survivors (2048K)
 Metaspace       used 21337K, capacity 22020K, committed 22140K, reserved 1081344K
  class space    used 2495K, capacity 2774K, committed 2816K, reserved 1048576K
GC Heap History (8 events):
Event: 1.294 GC heap before
{Heap before GC invocations=0 (full 0):
 garbage-first heap   total 260096K, used 23552K [0x0000000702200000, 0x0000000800000000)
  region size 1024K, 24 young (24576K), 0 survivors (0K)
 Metaspace       used 14569K, capacity 14928K, committed 15104K, reserved 1062912K
  class space    used 1548K, capacity 1694K, committed 1792K, reserved 1048576K
}
Event: 1.302 GC heap after
{Heap after GC invocations=1 (full 0):
 garbage-first heap   total 260096K, used 7129K [0x0000000702200000, 0x0000000800000000)
  region size 1024K, 3 young (3072K), 3 survivors (3072K)
 Metaspace       used 14569K, capacity 14928K, committed 15104K, reserved 1062912K
  class space    used 1548K, capacity 1694K, committed 1792K, reserved 1048576K
}
Event: 2.089 GC heap before
{Heap before GC invocations=1 (full 0):
 garbage-first heap   total 260096K, used 16345K [0x0000000702200000, 0x0000000800000000)
  region size 1024K, 12 young (12288K), 3 survivors (3072K)
 Metaspace       used 16633K, capacity 17135K, committed 17408K, reserved 1064960K
  class space    used 1818K, capacity 1991K, committed 2048K, reserved 1048576K
}
Event: 2.094 GC heap after
{Heap after GC invocations=2 (full 0):
 garbage-first heap   total 260096K, used 8207K [0x0000000702200000, 0x0000000800000000)
  region size 1024K, 1 young (1024K), 1 survivors (1024K)
 Metaspace       used 16633K, capacity 17135K, committed 17408K, reserved 1064960K
  class space    used 1818K, capacity 1991K, committed 2048K, reserved 1048576K
}
Event: 2.348 GC heap before
{Heap before GC invocations=2 (full 0):
 garbage-first heap   total 260096K, used 22543K [0x0000000702200000, 0x0000000800000000)
  region size 1024K, 16 young (16384K), 1 survivors (1024K)
 Metaspace       used 20488K, capacity 21156K, committed 21296K, reserved 1069056K
  class space    used 2395K, capacity 2678K, committed 2688K, reserved 1048576K
}
Event: 2.351 GC heap after
{Heap after GC invocations=3 (full 0):
 garbage-first heap   total 260096K, used 9094K [0x0000000702200000, 0x0000000800000000)
  region size 1024K, 2 young (2048K), 2 survivors (2048K)
 Metaspace       used 20488K, capacity 21156K, committed 21296K, reserved 1069056K
  class space    used 2395K, capacity 2678K, committed 2688K, reserved 1048576K
}
Event: 2.381 GC heap before
{Heap before GC invocations=4 (full 0):
 garbage-first heap   total 260096K, used 12166K [0x0000000702200000, 0x0000000800000000)
  region size 1024K, 6 young (6144K), 2 survivors (2048K)
 Metaspace       used 21337K, capacity 22020K, committed 22140K, reserved 1079296K
  class space    used 2495K, capacity 2774K, committed 2816K, reserved 1048576K
}
Event: 2.384 GC heap after
{Heap after GC invocations=5 (full 0):
 garbage-first heap   total 260096K, used 9303K [0x0000000702200000, 0x0000000800000000)
  region size 1024K, 2 young (2048K), 2 survivors (2048K)
 Metaspace       used 21337K, capacity 22020K, committed 22140K, reserved 1079296K
  class space    used 2495K, capacity 2774K, committed 2816K, reserved 1048576K
}

